<?xml version="1.0" encoding="UTF-8"?>
<!-- Generated by org.testng.reporters.JUnitReportReporter -->
<testsuite hostname="LAPTOP-J2J3KOAT" failures="0" tests="1" name="testng.RightAndDoubleClick" time="4.820" errors="0" timestamp="2024-05-24T10:18:29 IST" skipped="0">
  <testcase classname="testng.RightAndDoubleClick" name="test" time="4.820"/>
  <system-out/>
</testsuite> <!-- testng.RightAndDoubleClick -->
