<?xml version="1.0" encoding="UTF-8"?>
<!-- Generated by org.testng.reporters.JUnitReportReporter -->
<testsuite hostname="LAPTOP-J2J3KOAT" failures="0" tests="2" name="testng.CrossBrowserTesting" time="4.827" errors="0" timestamp="2024-05-23T08:49:01 IST" skipped="0">
  <testcase classname="testng.CrossBrowserTesting" name="fb" time="2.130"/>
  <system-out/>
  <testcase classname="testng.CrossBrowserTesting" name="fb" time="2.697"/>
  <system-out/>
</testsuite> <!-- testng.CrossBrowserTesting -->
