<?xml version="1.0" encoding="UTF-8"?>
<!-- Generated by org.testng.reporters.JUnitReportReporter -->
<testsuite hostname="LAPTOP-J2J3KOAT" failures="0" tests="1" name="testng.ActionsTest" time="3.063" errors="0" timestamp="2024-05-23T10:15:57 IST" skipped="0">
  <testcase classname="testng.ActionsTest" name="test1" time="3.063"/>
  <system-out/>
</testsuite> <!-- testng.ActionsTest -->
