<?xml version="1.0" encoding="UTF-8"?>
<!-- Generated by org.testng.reporters.JUnitReportReporter -->
<testsuite hostname="LAPTOP-J2J3KOAT" failures="0" tests="1" name="testng.WindowHandling" time="6.751" errors="0" timestamp="2024-05-27T22:22:22 IST" skipped="0">
  <testcase classname="testng.WindowHandling" name="test1" time="6.751"/>
  <system-out/>
</testsuite> <!-- testng.WindowHandling -->
