<?xml version="1.0" encoding="UTF-8"?>
<!-- Generated by org.testng.reporters.JUnitReportReporter -->
<testsuite hostname="Anghrj02" failures="0" tests="1" name="testng.ImplicitExplicit" time="6.575" errors="0" timestamp="2024-06-10T01:03:46 IST" skipped="0">
  <testcase classname="testng.ImplicitExplicit" name="test1" time="6.575"/>
  <system-out/>
</testsuite> <!-- testng.ImplicitExplicit -->
