<?xml version="1.0" encoding="UTF-8"?>
<!-- Generated by org.testng.reporters.JUnitReportReporter -->
<testsuite hostname="LAPTOP-J2J3KOAT" failures="0" tests="1" name="testng.DataDrivenTest" time="3.735" errors="0" timestamp="2024-05-30T21:56:51 IST" skipped="0">
  <testcase classname="testng.DataDrivenTest" name="main" time="3.735"/>
  <system-out/>
</testsuite> <!-- testng.DataDrivenTest -->
