<?xml version="1.0" encoding="UTF-8"?>
<!-- Generated by org.testng.reporters.JUnitReportReporter -->
<testsuite hostname="LAPTOP-J2J3KOAT" failures="0" tests="1" name="test.Fbtestdatadriven" time="5.329" errors="0" timestamp="2024-06-04T21:01:43 IST" skipped="0">
  <testcase classname="test.Fbtestdatadriven" name="verifyLoginWithValidCred" time="5.329"/>
  <system-out/>
</testsuite> <!-- test.Fbtestdatadriven -->
