<?xml version="1.0" encoding="UTF-8"?>
<!-- Generated by org.testng.reporters.JUnitReportReporter -->
<testsuite hostname="LAPTOP-J2J3KOAT" failures="0" tests="1" name="test.FBloginTes" time="1.648" errors="0" timestamp="2024-05-31T10:54:11 IST" skipped="0">
  <testcase classname="test.FBloginTes" name="test" time="1.648"/>
  <system-out/>
</testsuite> <!-- test.FBloginTes -->
