<?xml version="1.0" encoding="UTF-8"?>
<!-- Generated by org.testng.reporters.JUnitReportReporter -->
<testsuite hostname="LAPTOP-J2J3KOAT" failures="0" tests="1" name="testng.RobotFileUpload" time="5.619" errors="0" timestamp="2024-05-29T19:23:15 IST" skipped="0">
  <testcase classname="testng.RobotFileUpload" name="test1" time="5.619"/>
  <system-out/>
</testsuite> <!-- testng.RobotFileUpload -->
