<?xml version="1.0" encoding="UTF-8"?>
<!-- Generated by org.testng.reporters.JUnitReportReporter -->
<testsuite hostname="LAPTOP-J2J3KOAT" failures="0" tests="1" name="testng.Parameters" time="0.009" errors="0" timestamp="2024-05-22T10:51:24 IST" skipped="0">
  <testcase classname="testng.Parameters" name="main" time="0.009"/>
  <system-out/>
</testsuite> <!-- testng.Parameters -->
