<?xml version="1.0" encoding="UTF-8"?>
<!-- Generated by org.testng.reporters.JUnitReportReporter -->
<testsuite hostname="LAPTOP-J2J3KOAT" failures="0" tests="1" name="test.Fblogintest" time="3.170" errors="0" timestamp="2024-06-02T18:15:58 IST" skipped="0">
  <testcase classname="test.Fblogintest" name="testlogin" time="3.170"/>
  <system-out/>
</testsuite> <!-- test.Fblogintest -->
