<?xml version="1.0" encoding="UTF-8"?>
<!-- Generated by org.testng.reporters.JUnitReportReporter -->
<testsuite hostname="Anghrj02" failures="0" tests="1" name="work.Saucedemo" time="7.565" errors="0" timestamp="2024-06-10T09:36:03 IST" skipped="0">
  <testcase classname="work.Saucedemo" name="test" time="7.565"/>
  <system-out/>
</testsuite> <!-- work.Saucedemo -->
