<?xml version="1.0" encoding="UTF-8"?>
<!-- Generated by org.testng.reporters.JUnitReportReporter -->
<testsuite hostname="LAPTOP-J2J3KOAT" failures="0" tests="1" name="testng.AmazonAssignment" time="16.090" errors="0" timestamp="2024-05-30T11:03:18 IST" skipped="0">
  <testcase classname="testng.AmazonAssignment" name="test1" time="16.090"/>
  <system-out/>
</testsuite> <!-- testng.AmazonAssignment -->
