<?xml version="1.0" encoding="UTF-8"?>
<!-- Generated by org.testng.reporters.JUnitReportReporter -->
<testsuite hostname="LAPTOP-J2J3KOAT" failures="0" tests="1" name="testng.DragNDropTest" time="0.331" errors="0" timestamp="2024-05-23T11:20:50 IST" skipped="0">
  <testcase classname="testng.DragNDropTest" name="test1" time="0.331"/>
  <system-out/>
</testsuite> <!-- testng.DragNDropTest -->
