<?xml version="1.0" encoding="UTF-8"?>
<!-- Generated by org.testng.reporters.JUnitReportReporter -->
<testsuite hostname="LAPTOP-J2J3KOAT" failures="0" tests="1" name="testng.DateSelecting" time="44.827" errors="0" timestamp="2024-05-29T11:09:07 IST" skipped="0">
  <testcase classname="testng.DateSelecting" name="test1" time="44.827"/>
  <system-out/>
</testsuite> <!-- testng.DateSelecting -->
