<?xml version="1.0" encoding="UTF-8"?>
<!-- Generated by org.testng.reporters.JUnitReportReporter -->
<testsuite hostname="LAPTOP-J2J3KOAT" failures="0" tests="1" name="testng.FileUploadAssignment" time="7.535" errors="0" timestamp="2024-05-29T19:36:55 IST" skipped="0">
  <testcase classname="testng.FileUploadAssignment" name="test1" time="7.535"/>
  <system-out/>
</testsuite> <!-- testng.FileUploadAssignment -->
