<?xml version="1.0" encoding="UTF-8"?>
<!-- Generated by org.testng.reporters.JUnitReportReporter -->
<testsuite hostname="LAPTOP-J2J3KOAT" failures="0" tests="1" name="testng.ScrollDown" time="4.618" errors="0" timestamp="2024-05-29T18:03:08 IST" skipped="0">
  <testcase classname="testng.ScrollDown" name="test" time="4.618"/>
  <system-out/>
</testsuite> <!-- testng.ScrollDown -->
