<?xml version="1.0" encoding="UTF-8"?>
<!-- Generated by org.testng.reporters.JUnitReportReporter -->
<testsuite hostname="LAPTOP-J2J3KOAT" failures="0" tests="1" name="testng.MouseHover" time="32.662" errors="0" timestamp="2024-05-24T10:51:28 IST" skipped="0">
  <testcase classname="testng.MouseHover" name="test" time="32.662"/>
  <system-out/>
</testsuite> <!-- testng.MouseHover -->
