<?xml version="1.0" encoding="UTF-8"?>
<!-- Generated by org.testng.reporters.JUnitReportReporter -->
<testsuite hostname="LAPTOP-J2J3KOAT" failures="0" tests="3" name="testng.Grouping" time="0.011" errors="0" timestamp="2024-06-02T18:15:05 IST" skipped="0">
  <testcase classname="testng.Grouping" name="main1" time="0.006"/>
  <system-out/>
  <testcase classname="testng.Grouping" name="main2" time="0.005"/>
  <system-out/>
  <testcase classname="testng.Grouping" name="main4" time="0.000"/>
  <system-out/>
</testsuite> <!-- testng.Grouping -->
