<?xml version="1.0" encoding="UTF-8"?>
<!-- Generated by org.testng.reporters.JUnitReportReporter -->
<testsuite hostname="LAPTOP-J2J3KOAT" failures="0" tests="1" name="anagha.DataDrivenTesting" time="10.765" errors="0" timestamp="2024-05-30T21:57:35 IST" skipped="0">
  <testcase classname="anagha.DataDrivenTesting" name="main" time="10.765"/>
  <system-out/>
</testsuite> <!-- anagha.DataDrivenTesting -->
